<?xml version="1.0" encoding="UTF-8"?>
<!-- Generated by org.testng.reporters.JUnitReportReporter -->
<testsuite hostname="LAPTOP-9ALAMTRU" failures="0" tests="1" name="registration.Login" time="7.683" errors="0" timestamp="2024-02-22T21:53:21 IST" skipped="0">
  <testcase classname="registration.Login" name="login" time="7.683"/>
</testsuite> <!-- registration.Login -->
