<?xml version="1.0" encoding="UTF-8"?>
<!-- Generated by org.testng.reporters.JUnitReportReporter -->
<testsuite hostname="LAPTOP-9ALAMTRU" failures="0" tests="2" name="registration.EcomSignUp" time="5.921" errors="0" timestamp="2024-02-19T18:54:24 IST" skipped="0">
  <testcase classname="registration.EcomSignUp" name="getdriver" time="4.047"/>
  <testcase classname="registration.EcomSignUp" name="singUp" time="1.874"/>
</testsuite> <!-- registration.EcomSignUp -->
